<?xml version="1.0" encoding="UTF-8"?>
<testng-results ignored="0" total="1" passed="1" failed="0" skipped="0">
  <reporter-output>
  </reporter-output>
  <suite started-at="2022-08-10T11:58:42Z" name="Default suite" finished-at="2022-08-10T11:58:42Z" duration-ms="82">
    <groups>
    </groups>
    <test started-at="2022-08-10T11:58:42Z" name="Default test" finished-at="2022-08-10T11:58:42Z" duration-ms="82">
      <class name="java_practice.ExceptionHandling">
        <test-method signature="test1()[pri:0, instance:java_practice.ExceptionHandling@3e6ef8ad]" started-at="2022-08-10T11:58:42Z" name="test1" finished-at="2022-08-10T11:58:42Z" duration-ms="23" status="PASS">
          <reporter-output>
          </reporter-output>
        </test-method> <!-- test1 -->
      </class> <!-- java_practice.ExceptionHandling -->
    </test> <!-- Default test -->
  </suite> <!-- Default suite -->
</testng-results>
