<?xml version="1.0" encoding="UTF-8"?>
<testng-results ignored="0" total="1" passed="1" failed="0" skipped="0">
  <reporter-output>
  </reporter-output>
  <suite started-at="2022-08-08T12:56:44Z" name="Default suite" finished-at="2022-08-08T12:57:21Z" duration-ms="37634">
    <groups>
    </groups>
    <test started-at="2022-08-08T12:56:44Z" name="Default test" finished-at="2022-08-08T12:57:21Z" duration-ms="37634">
      <class name="webDriverConcepts.WindowHanding">
        <test-method is-config="true" signature="browserSetup()[pri:0, instance:webDriverConcepts.WindowHanding@272ed83b]" started-at="2022-08-08T12:56:44Z" name="browserSetup" finished-at="2022-08-08T12:56:53Z" duration-ms="9448" status="PASS">
          <reporter-output>
          </reporter-output>
        </test-method> <!-- browserSetup -->
        <test-method is-config="true" signature="openApplication()[pri:0, instance:webDriverConcepts.WindowHanding@272ed83b]" started-at="2022-08-08T12:56:53Z" name="openApplication" finished-at="2022-08-08T12:57:07Z" duration-ms="13921" status="PASS">
          <reporter-output>
          </reporter-output>
        </test-method> <!-- openApplication -->
        <test-method signature="verifyAddToCart()[pri:0, instance:webDriverConcepts.WindowHanding@272ed83b]" started-at="2022-08-08T12:57:07Z" name="verifyAddToCart" finished-at="2022-08-08T12:57:21Z" duration-ms="14126" status="PASS">
          <reporter-output>
          </reporter-output>
        </test-method> <!-- verifyAddToCart -->
      </class> <!-- webDriverConcepts.WindowHanding -->
    </test> <!-- Default test -->
  </suite> <!-- Default suite -->
</testng-results>
